mode: set
github.com/shandysiswandi/echo-service/internal/config/config.go:21.20,39.2 9 1
github.com/shandysiswandi/echo-service/internal/infrastructure/app/router.go:8.38,18.2 6 1
github.com/shandysiswandi/echo-service/internal/infrastructure/app/server.go:33.41,57.2 15 1
github.com/shandysiswandi/echo-service/internal/infrastructure/app/server.go:59.41,63.39 3 1
github.com/shandysiswandi/echo-service/internal/infrastructure/app/server.go:78.2,82.4 1 1
github.com/shandysiswandi/echo-service/internal/infrastructure/app/server.go:63.39,65.37 2 1
github.com/shandysiswandi/echo-service/internal/infrastructure/app/server.go:69.3,69.53 1 1
github.com/shandysiswandi/echo-service/internal/infrastructure/app/server.go:73.3,73.48 1 1
github.com/shandysiswandi/echo-service/internal/infrastructure/app/server.go:65.37,67.4 1 1
github.com/shandysiswandi/echo-service/internal/infrastructure/app/server.go:69.53,71.4 1 1
github.com/shandysiswandi/echo-service/internal/infrastructure/app/server.go:73.48,75.4 1 0
github.com/shandysiswandi/echo-service/internal/infrastructure/app/server.go:85.35,99.2 2 1
github.com/shandysiswandi/echo-service/internal/infrastructure/app/server.go:101.33,118.2 1 1
github.com/shandysiswandi/echo-service/internal/infrastructure/app/server.go:120.42,124.38 1 1
github.com/shandysiswandi/echo-service/internal/infrastructure/app/server.go:130.2,130.41 1 1
github.com/shandysiswandi/echo-service/internal/infrastructure/app/server.go:124.38,128.4 3 1
github.com/shandysiswandi/echo-service/internal/infrastructure/app/response/response.go:21.56,23.2 1 1
github.com/shandysiswandi/echo-service/internal/infrastructure/app/response/response.go:25.56,27.59 2 1
github.com/shandysiswandi/echo-service/internal/infrastructure/app/response/response.go:30.2,30.18 1 1
github.com/shandysiswandi/echo-service/internal/infrastructure/app/response/response.go:27.59,29.3 1 1
github.com/shandysiswandi/echo-service/internal/infrastructure/app/response/response.go:33.54,35.2 1 0
github.com/shandysiswandi/echo-service/internal/infrastructure/app/response/response.go:37.20,39.2 0 0
github.com/shandysiswandi/echo-service/internal/infrastructure/rpc/server.go:5.35,7.2 1 1
github.com/shandysiswandi/echo-service/internal/util/is/inarray.go:3.52,4.34 1 1
github.com/shandysiswandi/echo-service/internal/util/is/inarray.go:7.2,7.25 1 1
github.com/shandysiswandi/echo-service/internal/util/is/inarray.go:14.2,14.14 1 1
github.com/shandysiswandi/echo-service/internal/util/is/inarray.go:4.34,6.3 1 1
github.com/shandysiswandi/echo-service/internal/util/is/inarray.go:7.25,8.23 1 1
github.com/shandysiswandi/echo-service/internal/util/is/inarray.go:8.23,9.15 1 1
github.com/shandysiswandi/echo-service/internal/util/is/inarray.go:9.15,11.5 1 1
github.com/shandysiswandi/echo-service/internal/infrastructure/rpc/handler/graceful.go:10.77,14.2 3 1
github.com/shandysiswandi/echo-service/internal/infrastructure/rpc/handler/handler.go:9.21,11.2 1 1
github.com/shandysiswandi/echo-service/internal/infrastructure/rpc/handler/health.go:9.75,12.2 2 1
github.com/shandysiswandi/echo-service/internal/infrastructure/rpc/handler/home.go:9.73,12.2 2 1
github.com/shandysiswandi/echo-service/pkg/env/env.go:9.30,11.16 2 1
github.com/shandysiswandi/echo-service/pkg/env/env.go:14.2,16.50 2 1
github.com/shandysiswandi/echo-service/pkg/env/env.go:19.2,19.12 1 1
github.com/shandysiswandi/echo-service/pkg/env/env.go:11.16,13.3 1 0
github.com/shandysiswandi/echo-service/pkg/env/env.go:16.50,18.3 1 0
github.com/shandysiswandi/echo-service/internal/infrastructure/app/handler/health.go:9.48,11.2 1 1
github.com/shandysiswandi/echo-service/internal/infrastructure/app/handler/home.go:9.46,11.2 1 1
github.com/shandysiswandi/echo-service/internal/infrastructure/app/handler/graceful.go:10.50,13.2 2 1
github.com/shandysiswandi/echo-service/internal/infrastructure/app/handler/handler.go:13.37,15.2 1 1
github.com/shandysiswandi/echo-service/pkg/nanoid/nanoid.go:5.33,7.2 1 1
github.com/shandysiswandi/echo-service/pkg/uuid/uuid.go:11.17,13.2 1 1
github.com/shandysiswandi/echo-service/pkg/uuid/uuid.go:15.31,17.2 1 1
github.com/shandysiswandi/echo-service/pkg/bcrypt/bcrypt.go:5.52,8.2 2 1
github.com/shandysiswandi/echo-service/pkg/bcrypt/bcrypt.go:10.52,12.2 1 1
github.com/shandysiswandi/echo-service/internal/infrastructure/mongodb/mongo.go:19.39,25.2 1 1
github.com/shandysiswandi/echo-service/internal/infrastructure/mongodb/mongo.go:27.37,32.16 4 1
github.com/shandysiswandi/echo-service/internal/infrastructure/mongodb/mongo.go:36.2,36.61 1 1
github.com/shandysiswandi/echo-service/internal/infrastructure/mongodb/mongo.go:40.2,43.12 3 1
github.com/shandysiswandi/echo-service/internal/infrastructure/mongodb/mongo.go:32.16,34.3 1 1
github.com/shandysiswandi/echo-service/internal/infrastructure/mongodb/mongo.go:36.61,38.3 1 1
github.com/shandysiswandi/echo-service/internal/infrastructure/mongodb/mongo.go:46.29,47.23 1 1
github.com/shandysiswandi/echo-service/internal/infrastructure/mongodb/mongo.go:51.2,51.68 1 1
github.com/shandysiswandi/echo-service/internal/infrastructure/mongodb/mongo.go:47.23,49.3 1 1
github.com/shandysiswandi/echo-service/internal/infrastructure/mongodb/mongo.go:51.68,53.3 1 0
github.com/shandysiswandi/echo-service/internal/infrastructure/mongodb/mongo.go:56.45,57.40 1 1
github.com/shandysiswandi/echo-service/internal/infrastructure/mongodb/mongo.go:61.2,61.15 1 1
github.com/shandysiswandi/echo-service/internal/infrastructure/mongodb/mongo.go:57.40,59.3 1 1
